[1.290s] DEBUG:colcon:Command line arguments: ['/usr/bin/colcon', 'build', '--packages-select', 'coords']
[1.290s] DEBUG:colcon:Parsed command line arguments: Namespace(log_base=None, log_level=None, verb_name='build', build_base='build', install_base='install', merge_install=False, symlink_install=False, test_result_base=None, continue_on_error=False, executor='parallel', parallel_workers=12, event_handlers=None, ignore_user_meta=False, metas=['./colcon.meta'], base_paths=['.'], packages_ignore=None, packages_ignore_regex=None, paths=None, packages_up_to=None, packages_up_to_regex=None, packages_above=None, packages_above_and_dependencies=None, packages_above_depth=None, packages_select_by_dep=None, packages_skip_by_dep=None, packages_skip_up_to=None, packages_select_build_failed=False, packages_skip_build_finished=False, packages_select_test_failures=False, packages_skip_test_passed=False, packages_select=['coords'], packages_skip=None, packages_select_regex=None, packages_skip_regex=None, packages_start=None, packages_end=None, allow_overriding=[], cmake_args=None, cmake_target=None, cmake_target_skip_unavailable=False, cmake_clean_cache=False, cmake_clean_first=False, cmake_force_configure=False, ament_cmake_args=None, catkin_cmake_args=None, catkin_skip_building_tests=False, verb_parser=<colcon_defaults.argument_parser.defaults.DefaultArgumentsDecorator object at 0x7f709615f9d0>, verb_extension=<colcon_core.verb.build.BuildVerb object at 0x7f70965c7160>, main=<bound method BuildVerb.main of <colcon_core.verb.build.BuildVerb object at 0x7f70965c7160>>)
[1.351s] Level 1:colcon.colcon_core.package_discovery:discover_packages(colcon_meta) check parameters
[1.351s] Level 1:colcon.colcon_core.package_discovery:discover_packages(recursive) check parameters
[1.352s] Level 1:colcon.colcon_core.package_discovery:discover_packages(ignore) check parameters
[1.352s] Level 1:colcon.colcon_core.package_discovery:discover_packages(path) check parameters
[1.352s] Level 1:colcon.colcon_core.package_discovery:discover_packages(colcon_meta) discover
[1.352s] Level 1:colcon.colcon_core.package_discovery:discover_packages(recursive) discover
[1.352s] INFO:colcon.colcon_core.package_discovery:Crawling recursively for packages in '/root/spacedrone'
[1.352s] Level 1:colcon.colcon_core.package_identification:_identify(.) by extensions ['ignore', 'ignore_ament_install']
[1.352s] Level 1:colcon.colcon_core.package_identification:_identify(.) by extension 'ignore'
[1.352s] Level 1:colcon.colcon_core.package_identification:_identify(.) by extension 'ignore_ament_install'
[1.352s] Level 1:colcon.colcon_core.package_identification:_identify(.) by extensions ['colcon_pkg']
[1.352s] Level 1:colcon.colcon_core.package_identification:_identify(.) by extension 'colcon_pkg'
[1.352s] Level 1:colcon.colcon_core.package_identification:_identify(.) by extensions ['colcon_meta']
[1.352s] Level 1:colcon.colcon_core.package_identification:_identify(.) by extension 'colcon_meta'
[1.352s] Level 1:colcon.colcon_core.package_identification:_identify(.) by extensions ['ros']
[1.352s] Level 1:colcon.colcon_core.package_identification:_identify(.) by extension 'ros'
[1.382s] Level 1:colcon.colcon_core.package_identification:_identify(.) by extensions ['cmake', 'python']
[1.383s] Level 1:colcon.colcon_core.package_identification:_identify(.) by extension 'cmake'
[1.383s] Level 1:colcon.colcon_core.package_identification:_identify(.) by extension 'python'
[1.383s] Level 1:colcon.colcon_core.package_identification:_identify(.) by extensions ['python_setup_py']
[1.383s] Level 1:colcon.colcon_core.package_identification:_identify(.) by extension 'python_setup_py'
[1.383s] Level 1:colcon.colcon_core.package_identification:_identify(build) by extensions ['ignore', 'ignore_ament_install']
[1.384s] Level 1:colcon.colcon_core.package_identification:_identify(build) by extension 'ignore'
[1.384s] Level 1:colcon.colcon_core.package_identification:_identify(build) ignored
[1.384s] Level 1:colcon.colcon_core.package_identification:_identify(install) by extensions ['ignore', 'ignore_ament_install']
[1.384s] Level 1:colcon.colcon_core.package_identification:_identify(install) by extension 'ignore'
[1.384s] Level 1:colcon.colcon_core.package_identification:_identify(install) ignored
[1.384s] Level 1:colcon.colcon_core.package_identification:_identify(log) by extensions ['ignore', 'ignore_ament_install']
[1.384s] Level 1:colcon.colcon_core.package_identification:_identify(log) by extension 'ignore'
[1.385s] Level 1:colcon.colcon_core.package_identification:_identify(log) ignored
[1.385s] Level 1:colcon.colcon_core.package_identification:_identify(src) by extensions ['ignore', 'ignore_ament_install']
[1.385s] Level 1:colcon.colcon_core.package_identification:_identify(src) by extension 'ignore'
[1.385s] Level 1:colcon.colcon_core.package_identification:_identify(src) by extension 'ignore_ament_install'
[1.385s] Level 1:colcon.colcon_core.package_identification:_identify(src) by extensions ['colcon_pkg']
[1.385s] Level 1:colcon.colcon_core.package_identification:_identify(src) by extension 'colcon_pkg'
[1.385s] Level 1:colcon.colcon_core.package_identification:_identify(src) by extensions ['colcon_meta']
[1.385s] Level 1:colcon.colcon_core.package_identification:_identify(src) by extension 'colcon_meta'
[1.385s] Level 1:colcon.colcon_core.package_identification:_identify(src) by extensions ['ros']
[1.385s] Level 1:colcon.colcon_core.package_identification:_identify(src) by extension 'ros'
[1.385s] Level 1:colcon.colcon_core.package_identification:_identify(src) by extensions ['cmake', 'python']
[1.385s] Level 1:colcon.colcon_core.package_identification:_identify(src) by extension 'cmake'
[1.385s] Level 1:colcon.colcon_core.package_identification:_identify(src) by extension 'python'
[1.385s] Level 1:colcon.colcon_core.package_identification:_identify(src) by extensions ['python_setup_py']
[1.385s] Level 1:colcon.colcon_core.package_identification:_identify(src) by extension 'python_setup_py'
[1.385s] Level 1:colcon.colcon_core.package_identification:_identify(src/coords) by extensions ['ignore', 'ignore_ament_install']
[1.386s] Level 1:colcon.colcon_core.package_identification:_identify(src/coords) by extension 'ignore'
[1.386s] Level 1:colcon.colcon_core.package_identification:_identify(src/coords) by extension 'ignore_ament_install'
[1.386s] Level 1:colcon.colcon_core.package_identification:_identify(src/coords) by extensions ['colcon_pkg']
[1.386s] Level 1:colcon.colcon_core.package_identification:_identify(src/coords) by extension 'colcon_pkg'
[1.386s] Level 1:colcon.colcon_core.package_identification:_identify(src/coords) by extensions ['colcon_meta']
[1.386s] Level 1:colcon.colcon_core.package_identification:_identify(src/coords) by extension 'colcon_meta'
[1.386s] Level 1:colcon.colcon_core.package_identification:_identify(src/coords) by extensions ['ros']
[1.386s] Level 1:colcon.colcon_core.package_identification:_identify(src/coords) by extension 'ros'
[1.390s] DEBUG:colcon.colcon_core.package_identification:Package 'src/coords' with type 'ros.ament_cmake' and name 'coords'
[1.390s] Level 1:colcon.colcon_core.package_discovery:discover_packages(recursive) using defaults
[1.391s] Level 1:colcon.colcon_core.package_discovery:discover_packages(ignore) discover
[1.391s] Level 1:colcon.colcon_core.package_discovery:discover_packages(ignore) using defaults
[1.391s] Level 1:colcon.colcon_core.package_discovery:discover_packages(path) discover
[1.391s] Level 1:colcon.colcon_core.package_discovery:discover_packages(path) using defaults
[1.569s] Level 1:colcon.colcon_core.package_discovery:discover_packages(prefix_path) check parameters
[1.569s] Level 1:colcon.colcon_core.package_discovery:discover_packages(prefix_path) discover
[1.600s] DEBUG:colcon.colcon_installed_package_information.package_discovery:Found 1 installed packages in /root/drone/install
[1.617s] DEBUG:colcon.colcon_installed_package_information.package_discovery:Found 288 installed packages in /opt/ros/humble
[1.619s] Level 1:colcon.colcon_core.package_discovery:discover_packages(prefix_path) using defaults
[1.762s] Level 5:colcon.colcon_core.verb:set package 'coords' build argument 'cmake_args' from command line to 'None'
[1.762s] Level 5:colcon.colcon_core.verb:set package 'coords' build argument 'cmake_target' from command line to 'None'
[1.762s] Level 5:colcon.colcon_core.verb:set package 'coords' build argument 'cmake_target_skip_unavailable' from command line to 'False'
[1.762s] Level 5:colcon.colcon_core.verb:set package 'coords' build argument 'cmake_clean_cache' from command line to 'False'
[1.762s] Level 5:colcon.colcon_core.verb:set package 'coords' build argument 'cmake_clean_first' from command line to 'False'
[1.762s] Level 5:colcon.colcon_core.verb:set package 'coords' build argument 'cmake_force_configure' from command line to 'False'
[1.762s] Level 5:colcon.colcon_core.verb:set package 'coords' build argument 'ament_cmake_args' from command line to 'None'
[1.762s] Level 5:colcon.colcon_core.verb:set package 'coords' build argument 'catkin_cmake_args' from command line to 'None'
[1.762s] Level 5:colcon.colcon_core.verb:set package 'coords' build argument 'catkin_skip_building_tests' from command line to 'False'
[1.762s] DEBUG:colcon.colcon_core.verb:Building package 'coords' with the following arguments: {'ament_cmake_args': None, 'build_base': '/root/spacedrone/build/coords', 'catkin_cmake_args': None, 'catkin_skip_building_tests': False, 'cmake_args': None, 'cmake_clean_cache': False, 'cmake_clean_first': False, 'cmake_force_configure': False, 'cmake_target': None, 'cmake_target_skip_unavailable': False, 'install_base': '/root/spacedrone/install/coords', 'merge_install': False, 'path': '/root/spacedrone/src/coords', 'symlink_install': False, 'test_result_base': None}
[1.775s] INFO:colcon.colcon_core.executor:Executing jobs using 'parallel' executor
[1.794s] DEBUG:colcon.colcon_parallel_executor.executor.parallel:run_until_complete
[1.794s] INFO:colcon.colcon_ros.task.ament_cmake.build:Building ROS package in '/root/spacedrone/src/coords' with build type 'ament_cmake'
[1.794s] INFO:colcon.colcon_cmake.task.cmake.build:Building CMake package in '/root/spacedrone/src/coords'
[1.817s] INFO:colcon.colcon_core.plugin_system:Skipping extension 'colcon_core.shell.bat': Not used on non-Windows systems
[1.817s] INFO:colcon.colcon_core.shell:Skip shell extension 'powershell' for command environment: Not usable outside of PowerShell
[1.817s] DEBUG:colcon.colcon_core.shell:Skip shell extension 'dsv' for command environment
[1.889s] DEBUG:colcon.colcon_core.event_handler.log_command:Invoking command in '/root/spacedrone/build/coords': CMAKE_PREFIX_PATH=${CMAKE_PREFIX_PATH}:/opt/ros/humble /usr/bin/cmake /root/spacedrone/src/coords -DCMAKE_INSTALL_PREFIX=/root/spacedrone/install/coords
[9.392s] DEBUG:colcon.colcon_core.event_handler.log_command:Invoked command in '/root/spacedrone/build/coords' returned '0': CMAKE_PREFIX_PATH=${CMAKE_PREFIX_PATH}:/opt/ros/humble /usr/bin/cmake /root/spacedrone/src/coords -DCMAKE_INSTALL_PREFIX=/root/spacedrone/install/coords
[9.394s] DEBUG:colcon.colcon_core.event_handler.log_command:Invoking command in '/root/spacedrone/build/coords': CMAKE_PREFIX_PATH=${CMAKE_PREFIX_PATH}:/opt/ros/humble /usr/bin/cmake --build /root/spacedrone/build/coords -- -j12 -l12
[9.432s] DEBUG:colcon.colcon_core.event_handler.log_command:Invoked command in '/root/spacedrone/build/coords' returned '0': CMAKE_PREFIX_PATH=${CMAKE_PREFIX_PATH}:/opt/ros/humble /usr/bin/cmake --build /root/spacedrone/build/coords -- -j12 -l12
[9.464s] DEBUG:colcon.colcon_core.event_handler.log_command:Invoking command in '/root/spacedrone/build/coords': CMAKE_PREFIX_PATH=${CMAKE_PREFIX_PATH}:/opt/ros/humble /usr/bin/cmake --install /root/spacedrone/build/coords
[9.479s] Level 1:colcon.colcon_core.environment:create_environment_scripts_only(coords)
[9.482s] DEBUG:colcon.colcon_core.event_handler.log_command:Invoked command in '/root/spacedrone/build/coords' returned '0': CMAKE_PREFIX_PATH=${CMAKE_PREFIX_PATH}:/opt/ros/humble /usr/bin/cmake --install /root/spacedrone/build/coords
[9.494s] Level 1:colcon.colcon_core.environment:checking '/root/spacedrone/install/coords' for CMake module files
[9.494s] Level 1:colcon.colcon_core.environment:checking '/root/spacedrone/install/coords' for CMake config files
[9.495s] Level 1:colcon.colcon_core.shell:create_environment_hook('coords', 'cmake_prefix_path')
[9.506s] INFO:colcon.colcon_core.shell:Creating environment hook '/root/spacedrone/install/coords/share/coords/hook/cmake_prefix_path.ps1'
[9.507s] INFO:colcon.colcon_core.shell:Creating environment descriptor '/root/spacedrone/install/coords/share/coords/hook/cmake_prefix_path.dsv'
[9.507s] INFO:colcon.colcon_core.shell:Creating environment hook '/root/spacedrone/install/coords/share/coords/hook/cmake_prefix_path.sh'
[9.508s] Level 1:colcon.colcon_core.environment:checking '/root/spacedrone/install/coords/bin'
[9.508s] Level 1:colcon.colcon_core.environment:checking '/root/spacedrone/install/coords/lib/pkgconfig/coords.pc'
[9.508s] Level 1:colcon.colcon_core.environment:checking '/root/spacedrone/install/coords/lib/python3.10/site-packages'
[9.508s] Level 1:colcon.colcon_core.environment:checking '/root/spacedrone/install/coords/bin'
[9.520s] INFO:colcon.colcon_core.shell:Creating package script '/root/spacedrone/install/coords/share/coords/package.ps1'
[9.520s] INFO:colcon.colcon_core.shell:Creating package descriptor '/root/spacedrone/install/coords/share/coords/package.dsv'
[9.521s] INFO:colcon.colcon_core.shell:Creating package script '/root/spacedrone/install/coords/share/coords/package.sh'
[9.522s] INFO:colcon.colcon_core.shell:Creating package script '/root/spacedrone/install/coords/share/coords/package.bash'
[9.522s] INFO:colcon.colcon_core.shell:Creating package script '/root/spacedrone/install/coords/share/coords/package.zsh'
[9.523s] Level 1:colcon.colcon_core.environment:create_file_with_runtime_dependencies(/root/spacedrone/install/coords/share/colcon-core/packages/coords)
[9.558s] Level 1:colcon.colcon_core.environment:create_environment_scripts_only(coords)
[9.569s] Level 1:colcon.colcon_core.environment:checking '/root/spacedrone/install/coords' for CMake module files
[9.569s] Level 1:colcon.colcon_core.environment:checking '/root/spacedrone/install/coords' for CMake config files
[9.569s] Level 1:colcon.colcon_core.shell:create_environment_hook('coords', 'cmake_prefix_path')
[9.581s] INFO:colcon.colcon_core.shell:Creating environment hook '/root/spacedrone/install/coords/share/coords/hook/cmake_prefix_path.ps1'
[9.582s] INFO:colcon.colcon_core.shell:Creating environment descriptor '/root/spacedrone/install/coords/share/coords/hook/cmake_prefix_path.dsv'
[9.582s] INFO:colcon.colcon_core.shell:Creating environment hook '/root/spacedrone/install/coords/share/coords/hook/cmake_prefix_path.sh'
[9.583s] Level 1:colcon.colcon_core.environment:checking '/root/spacedrone/install/coords/bin'
[9.583s] Level 1:colcon.colcon_core.environment:checking '/root/spacedrone/install/coords/lib/pkgconfig/coords.pc'
[9.583s] Level 1:colcon.colcon_core.environment:checking '/root/spacedrone/install/coords/lib/python3.10/site-packages'
[9.584s] Level 1:colcon.colcon_core.environment:checking '/root/spacedrone/install/coords/bin'
[9.596s] INFO:colcon.colcon_core.shell:Creating package script '/root/spacedrone/install/coords/share/coords/package.ps1'
[9.597s] INFO:colcon.colcon_core.shell:Creating package descriptor '/root/spacedrone/install/coords/share/coords/package.dsv'
[9.598s] INFO:colcon.colcon_core.shell:Creating package script '/root/spacedrone/install/coords/share/coords/package.sh'
[9.598s] INFO:colcon.colcon_core.shell:Creating package script '/root/spacedrone/install/coords/share/coords/package.bash'
[9.599s] INFO:colcon.colcon_core.shell:Creating package script '/root/spacedrone/install/coords/share/coords/package.zsh'
[9.599s] Level 1:colcon.colcon_core.environment:create_file_with_runtime_dependencies(/root/spacedrone/install/coords/share/colcon-core/packages/coords)
[9.600s] DEBUG:colcon.colcon_parallel_executor.executor.parallel:closing loop
[9.601s] DEBUG:colcon.colcon_parallel_executor.executor.parallel:loop closed
[9.602s] DEBUG:colcon.colcon_parallel_executor.executor.parallel:run_until_complete finished with '0'
[9.602s] DEBUG:colcon.colcon_core.event_reactor:joining thread
[9.879s] INFO:colcon.colcon_core.plugin_system:Skipping extension 'colcon_notification.desktop_notification.notify_send': Could not find 'notify-send'
[9.880s] INFO:colcon.colcon_core.plugin_system:Skipping extension 'colcon_notification.desktop_notification.terminal_notifier': Not used on non-Darwin systems
[9.880s] INFO:colcon.colcon_core.plugin_system:Skipping extension 'colcon_notification.desktop_notification.win32': Not used on non-Windows systems
[9.880s] INFO:colcon.colcon_notification.desktop_notification:Sending desktop notification using 'notify2'
[9.880s] DEBUG:colcon.colcon_notification.desktop_notification.notify2:Failed to initialize notify2: org.freedesktop.DBus.Error.FileNotFound: Failed to connect to socket /run/user/0/bus: No such file or directory
[9.881s] DEBUG:colcon.colcon_core.event_reactor:joined thread
[9.897s] INFO:colcon.colcon_core.shell:Creating prefix script '/root/spacedrone/install/local_setup.ps1'
[9.898s] INFO:colcon.colcon_core.shell:Creating prefix util module '/root/spacedrone/install/_local_setup_util_ps1.py'
[9.900s] INFO:colcon.colcon_core.shell:Creating prefix chain script '/root/spacedrone/install/setup.ps1'
[9.913s] INFO:colcon.colcon_core.shell:Creating prefix script '/root/spacedrone/install/local_setup.sh'
[9.914s] INFO:colcon.colcon_core.shell:Creating prefix util module '/root/spacedrone/install/_local_setup_util_sh.py'
[9.914s] INFO:colcon.colcon_core.shell:Creating prefix chain script '/root/spacedrone/install/setup.sh'
[9.926s] INFO:colcon.colcon_core.shell:Creating prefix script '/root/spacedrone/install/local_setup.bash'
[9.926s] INFO:colcon.colcon_core.shell:Creating prefix chain script '/root/spacedrone/install/setup.bash'
[9.937s] INFO:colcon.colcon_core.shell:Creating prefix script '/root/spacedrone/install/local_setup.zsh'
[9.937s] INFO:colcon.colcon_core.shell:Creating prefix chain script '/root/spacedrone/install/setup.zsh'
