-- The C compiler identification is GNU 11.4.0
-- The CXX compiler identification is GNU 11.4.0
-- Detecting C compiler ABI info
-- Detecting C compiler ABI info - done
-- Check for working C compiler: /usr/bin/cc - skipped
-- Detecting C compile features
-- Detecting C compile features - done
-- Detecting CXX compiler ABI info
-- Detecting CXX compiler ABI info - done
-- Check for working CXX compiler: /usr/bin/c++ - skipped
-- Detecting CXX compile features
-- Detecting CXX compile features - done
-- Found ament_cmake: 1.3.7 (/opt/ros/humble/share/ament_cmake/cmake)
-- Found Python3: /usr/bin/python3.10 (found version "3.10.12") found components: Interpreter 
-- Found ament_lint_auto: 0.12.10 (/opt/ros/humble/share/ament_lint_auto/cmake)
-- Added test 'lint_cmake' to check CMake code style
-- Added test 'xmllint' to check XML markup files
-- Configuring done
-- Generating done
-- Build files have been written to: /root/spacedrone/build/coords
-- Install configuration: ""
-- Installing: /root/spacedrone/install/coords/share/ament_index/resource_index/package_run_dependencies/coords
-- Installing: /root/spacedrone/install/coords/share/ament_index/resource_index/parent_prefix_path/coords
-- Installing: /root/spacedrone/install/coords/share/coords/environment/ament_prefix_path.sh
-- Installing: /root/spacedrone/install/coords/share/coords/environment/ament_prefix_path.dsv
-- Installing: /root/spacedrone/install/coords/share/coords/environment/path.sh
-- Installing: /root/spacedrone/install/coords/share/coords/environment/path.dsv
-- Installing: /root/spacedrone/install/coords/share/coords/local_setup.bash
-- Installing: /root/spacedrone/install/coords/share/coords/local_setup.sh
-- Installing: /root/spacedrone/install/coords/share/coords/local_setup.zsh
-- Installing: /root/spacedrone/install/coords/share/coords/local_setup.dsv
-- Installing: /root/spacedrone/install/coords/share/coords/package.dsv
-- Installing: /root/spacedrone/install/coords/share/ament_index/resource_index/packages/coords
-- Installing: /root/spacedrone/install/coords/share/coords/cmake/coordsConfig.cmake
-- Installing: /root/spacedrone/install/coords/share/coords/cmake/coordsConfig-version.cmake
-- Installing: /root/spacedrone/install/coords/share/coords/package.xml
