[1.065s] Invoking command in '/home/farhad/Documents/Robotics/Space-Drone/ros2_ws/src/py_pubsub': PYTHONPATH=/home/farhad/Documents/Robotics/Space-Drone/ros2_ws/src/py_pubsub/build/py_pubsub/prefix_override:/home/farhad/Documents/Robotics/Space-Drone/ros2_ws/src/py_pubsub/install/py_pubsub/lib/python3.10/site-packages:${PYTHONPATH} /usr/bin/python3 setup.py egg_info --egg-base build/py_pubsub build --build-base /home/farhad/Documents/Robotics/Space-Drone/ros2_ws/src/py_pubsub/build/py_pubsub/build install --record /home/farhad/Documents/Robotics/Space-Drone/ros2_ws/src/py_pubsub/build/py_pubsub/install.log --single-version-externally-managed
[1.405s] running egg_info
[1.406s] writing build/py_pubsub/py_pubsub.egg-info/PKG-INFO
[1.406s] writing dependency_links to build/py_pubsub/py_pubsub.egg-info/dependency_links.txt
[1.406s] writing entry points to build/py_pubsub/py_pubsub.egg-info/entry_points.txt
[1.407s] writing requirements to build/py_pubsub/py_pubsub.egg-info/requires.txt
[1.407s] writing top-level names to build/py_pubsub/py_pubsub.egg-info/top_level.txt
[1.409s] reading manifest file 'build/py_pubsub/py_pubsub.egg-info/SOURCES.txt'
[1.409s] adding license file 'LICENSE'
[1.410s] writing manifest file 'build/py_pubsub/py_pubsub.egg-info/SOURCES.txt'
[1.410s] running build
[1.410s] running build_py
[1.410s] copying py_pubsub/publisher_member_function.py -> /home/farhad/Documents/Robotics/Space-Drone/ros2_ws/src/py_pubsub/build/py_pubsub/build/lib/py_pubsub
[1.410s] running install
[1.411s] running install_lib
[1.411s] copying /home/farhad/Documents/Robotics/Space-Drone/ros2_ws/src/py_pubsub/build/py_pubsub/build/lib/py_pubsub/publisher_member_function.py -> /home/farhad/Documents/Robotics/Space-Drone/ros2_ws/src/py_pubsub/install/py_pubsub/lib/python3.10/site-packages/py_pubsub
[1.412s] byte-compiling /home/farhad/Documents/Robotics/Space-Drone/ros2_ws/src/py_pubsub/install/py_pubsub/lib/python3.10/site-packages/py_pubsub/publisher_member_function.py to publisher_member_function.cpython-310.pyc
[1.413s] running install_data
[1.414s] running install_egg_info
[1.416s] removing '/home/farhad/Documents/Robotics/Space-Drone/ros2_ws/src/py_pubsub/install/py_pubsub/lib/python3.10/site-packages/py_pubsub-0.0.0-py3.10.egg-info' (and everything under it)
[1.416s] Copying build/py_pubsub/py_pubsub.egg-info to /home/farhad/Documents/Robotics/Space-Drone/ros2_ws/src/py_pubsub/install/py_pubsub/lib/python3.10/site-packages/py_pubsub-0.0.0-py3.10.egg-info
[1.417s] running install_scripts
[1.445s] Installing listener script to /home/farhad/Documents/Robotics/Space-Drone/ros2_ws/src/py_pubsub/install/py_pubsub/lib/py_pubsub
[1.445s] Installing talker script to /home/farhad/Documents/Robotics/Space-Drone/ros2_ws/src/py_pubsub/install/py_pubsub/lib/py_pubsub
[1.445s] writing list of installed files to '/home/farhad/Documents/Robotics/Space-Drone/ros2_ws/src/py_pubsub/build/py_pubsub/install.log'
[1.475s] Invoked command in '/home/farhad/Documents/Robotics/Space-Drone/ros2_ws/src/py_pubsub' returned '0': PYTHONPATH=/home/farhad/Documents/Robotics/Space-Drone/ros2_ws/src/py_pubsub/build/py_pubsub/prefix_override:/home/farhad/Documents/Robotics/Space-Drone/ros2_ws/src/py_pubsub/install/py_pubsub/lib/python3.10/site-packages:${PYTHONPATH} /usr/bin/python3 setup.py egg_info --egg-base build/py_pubsub build --build-base /home/farhad/Documents/Robotics/Space-Drone/ros2_ws/src/py_pubsub/build/py_pubsub/build install --record /home/farhad/Documents/Robotics/Space-Drone/ros2_ws/src/py_pubsub/build/py_pubsub/install.log --single-version-externally-managed
