[4.058s] DEBUG:colcon:Command line arguments: ['/home/farhad/.local/bin/colcon', 'build']
[4.058s] DEBUG:colcon:Parsed command line arguments: Namespace(log_base=None, log_level=None, verb_name='build', build_base='build', install_base='install', merge_install=False, symlink_install=False, test_result_base=None, continue_on_error=False, executor='parallel', parallel_workers=20, event_handlers=None, ignore_user_meta=False, metas=['./colcon.meta'], base_paths=['.'], packages_ignore=None, packages_ignore_regex=None, paths=None, packages_up_to=None, packages_up_to_regex=None, packages_above=None, packages_above_and_dependencies=None, packages_above_depth=None, packages_select_by_dep=None, packages_skip_by_dep=None, packages_skip_up_to=None, packages_select_build_failed=False, packages_skip_build_finished=False, packages_select_test_failures=False, packages_skip_test_passed=False, packages_select=None, packages_skip=None, packages_select_regex=None, packages_skip_regex=None, packages_start=None, packages_end=None, allow_overriding=[], cmake_args=None, cmake_target=None, cmake_target_skip_unavailable=False, cmake_clean_cache=False, cmake_clean_first=False, cmake_force_configure=False, ament_cmake_args=None, catkin_cmake_args=None, catkin_skip_building_tests=False, verb_parser=<colcon_defaults.argument_parser.defaults.DefaultArgumentsDecorator object at 0x7f94dee47d00>, verb_extension=<colcon_core.verb.build.BuildVerb object at 0x7f94dee461d0>, main=<bound method BuildVerb.main of <colcon_core.verb.build.BuildVerb object at 0x7f94dee461d0>>)
[4.271s] Level 1:colcon.colcon_core.package_discovery:discover_packages(colcon_meta) check parameters
[4.271s] Level 1:colcon.colcon_core.package_discovery:discover_packages(recursive) check parameters
[4.271s] Level 1:colcon.colcon_core.package_discovery:discover_packages(ignore) check parameters
[4.271s] Level 1:colcon.colcon_core.package_discovery:discover_packages(path) check parameters
[4.271s] Level 1:colcon.colcon_core.package_discovery:discover_packages(colcon_meta) discover
[4.272s] Level 1:colcon.colcon_core.package_discovery:discover_packages(recursive) discover
[4.272s] INFO:colcon.colcon_core.package_discovery:Crawling recursively for packages in '/home/farhad/Documents/Robotics/Space-Drone/ros2_ws/src/py_pubsub'
[4.272s] Level 1:colcon.colcon_core.package_identification:_identify(.) by extensions ['ignore', 'ignore_ament_install']
[4.273s] Level 1:colcon.colcon_core.package_identification:_identify(.) by extension 'ignore'
[4.273s] Level 1:colcon.colcon_core.package_identification:_identify(.) by extension 'ignore_ament_install'
[4.273s] Level 1:colcon.colcon_core.package_identification:_identify(.) by extensions ['colcon_pkg']
[4.274s] Level 1:colcon.colcon_core.package_identification:_identify(.) by extension 'colcon_pkg'
[4.274s] Level 1:colcon.colcon_core.package_identification:_identify(.) by extensions ['colcon_meta']
[4.274s] Level 1:colcon.colcon_core.package_identification:_identify(.) by extension 'colcon_meta'
[4.274s] Level 1:colcon.colcon_core.package_identification:_identify(.) by extensions ['ros']
[4.274s] Level 1:colcon.colcon_core.package_identification:_identify(.) by extension 'ros'
[4.397s] DEBUG:colcon.colcon_core.package_identification:Package '.' with type 'ros.ament_python' and name 'py_pubsub'
[4.398s] Level 1:colcon.colcon_core.package_discovery:discover_packages(recursive) using defaults
[4.398s] Level 1:colcon.colcon_core.package_discovery:discover_packages(ignore) discover
[4.398s] Level 1:colcon.colcon_core.package_discovery:discover_packages(ignore) using defaults
[4.398s] Level 1:colcon.colcon_core.package_discovery:discover_packages(path) discover
[4.398s] Level 1:colcon.colcon_core.package_discovery:discover_packages(path) using defaults
[4.713s] Level 1:colcon.colcon_core.package_discovery:discover_packages(prefix_path) check parameters
[4.714s] Level 1:colcon.colcon_core.package_discovery:discover_packages(prefix_path) discover
[4.847s] DEBUG:colcon.colcon_installed_package_information.package_discovery:Found 1 installed packages in /home/farhad/Documents/Robotics/Space-Drone/ros2_ws/src/py_pubsub/install
[4.923s] DEBUG:colcon.colcon_installed_package_information.package_discovery:Found 284 installed packages in /opt/ros/humble
[4.929s] Level 1:colcon.colcon_core.package_discovery:discover_packages(prefix_path) using defaults
[5.287s] Level 5:colcon.colcon_core.verb:set package 'py_pubsub' build argument 'cmake_args' from command line to 'None'
[5.288s] Level 5:colcon.colcon_core.verb:set package 'py_pubsub' build argument 'cmake_target' from command line to 'None'
[5.288s] Level 5:colcon.colcon_core.verb:set package 'py_pubsub' build argument 'cmake_target_skip_unavailable' from command line to 'False'
[5.288s] Level 5:colcon.colcon_core.verb:set package 'py_pubsub' build argument 'cmake_clean_cache' from command line to 'False'
[5.288s] Level 5:colcon.colcon_core.verb:set package 'py_pubsub' build argument 'cmake_clean_first' from command line to 'False'
[5.288s] Level 5:colcon.colcon_core.verb:set package 'py_pubsub' build argument 'cmake_force_configure' from command line to 'False'
[5.288s] Level 5:colcon.colcon_core.verb:set package 'py_pubsub' build argument 'ament_cmake_args' from command line to 'None'
[5.288s] Level 5:colcon.colcon_core.verb:set package 'py_pubsub' build argument 'catkin_cmake_args' from command line to 'None'
[5.288s] Level 5:colcon.colcon_core.verb:set package 'py_pubsub' build argument 'catkin_skip_building_tests' from command line to 'False'
[5.288s] DEBUG:colcon.colcon_core.verb:Building package 'py_pubsub' with the following arguments: {'ament_cmake_args': None, 'build_base': '/home/farhad/Documents/Robotics/Space-Drone/ros2_ws/src/py_pubsub/build/py_pubsub', 'catkin_cmake_args': None, 'catkin_skip_building_tests': False, 'cmake_args': None, 'cmake_clean_cache': False, 'cmake_clean_first': False, 'cmake_force_configure': False, 'cmake_target': None, 'cmake_target_skip_unavailable': False, 'install_base': '/home/farhad/Documents/Robotics/Space-Drone/ros2_ws/src/py_pubsub/install/py_pubsub', 'merge_install': False, 'path': '/home/farhad/Documents/Robotics/Space-Drone/ros2_ws/src/py_pubsub', 'symlink_install': False, 'test_result_base': None}
[5.347s] INFO:colcon.colcon_core.executor:Executing jobs using 'parallel' executor
[5.401s] DEBUG:colcon.colcon_parallel_executor.executor.parallel:run_until_complete
[5.402s] INFO:colcon.colcon_ros.task.ament_python.build:Building ROS package in '/home/farhad/Documents/Robotics/Space-Drone/ros2_ws/src/py_pubsub' with build type 'ament_python'
[5.402s] Level 1:colcon.colcon_core.shell:create_environment_hook('py_pubsub', 'ament_prefix_path')
[5.462s] INFO:colcon.colcon_core.plugin_system:Skipping extension 'colcon_core.shell.bat': Not used on non-Windows systems
[5.463s] INFO:colcon.colcon_core.shell:Creating environment hook '/home/farhad/Documents/Robotics/Space-Drone/ros2_ws/src/py_pubsub/install/py_pubsub/share/py_pubsub/hook/ament_prefix_path.ps1'
[5.466s] INFO:colcon.colcon_core.shell:Creating environment descriptor '/home/farhad/Documents/Robotics/Space-Drone/ros2_ws/src/py_pubsub/install/py_pubsub/share/py_pubsub/hook/ament_prefix_path.dsv'
[5.467s] INFO:colcon.colcon_core.shell:Creating environment hook '/home/farhad/Documents/Robotics/Space-Drone/ros2_ws/src/py_pubsub/install/py_pubsub/share/py_pubsub/hook/ament_prefix_path.sh'
[5.523s] INFO:colcon.colcon_core.shell:Skip shell extension 'powershell' for command environment: Not usable outside of PowerShell
[5.523s] DEBUG:colcon.colcon_core.shell:Skip shell extension 'dsv' for command environment
[6.735s] INFO:colcon.colcon_core.task.python.build:Building Python package in '/home/farhad/Documents/Robotics/Space-Drone/ros2_ws/src/py_pubsub'
[6.796s] INFO:colcon.colcon_core.shell:Skip shell extension 'powershell' for command environment: Not usable outside of PowerShell
[6.796s] DEBUG:colcon.colcon_core.shell:Skip shell extension 'dsv' for command environment
[8.419s] DEBUG:colcon.colcon_core.event_handler.log_command:Invoking command in '/home/farhad/Documents/Robotics/Space-Drone/ros2_ws/src/py_pubsub': PYTHONPATH=/home/farhad/Documents/Robotics/Space-Drone/ros2_ws/src/py_pubsub/build/py_pubsub/prefix_override:/home/farhad/Documents/Robotics/Space-Drone/ros2_ws/src/py_pubsub/install/py_pubsub/lib/python3.10/site-packages:${PYTHONPATH} /usr/bin/python3 setup.py egg_info --egg-base build/py_pubsub build --build-base /home/farhad/Documents/Robotics/Space-Drone/ros2_ws/src/py_pubsub/build/py_pubsub/build install --record /home/farhad/Documents/Robotics/Space-Drone/ros2_ws/src/py_pubsub/build/py_pubsub/install.log --single-version-externally-managed
[9.775s] DEBUG:colcon.colcon_core.event_handler.log_command:Invoked command in '/home/farhad/Documents/Robotics/Space-Drone/ros2_ws/src/py_pubsub' returned '0': PYTHONPATH=/home/farhad/Documents/Robotics/Space-Drone/ros2_ws/src/py_pubsub/build/py_pubsub/prefix_override:/home/farhad/Documents/Robotics/Space-Drone/ros2_ws/src/py_pubsub/install/py_pubsub/lib/python3.10/site-packages:${PYTHONPATH} /usr/bin/python3 setup.py egg_info --egg-base build/py_pubsub build --build-base /home/farhad/Documents/Robotics/Space-Drone/ros2_ws/src/py_pubsub/build/py_pubsub/build install --record /home/farhad/Documents/Robotics/Space-Drone/ros2_ws/src/py_pubsub/build/py_pubsub/install.log --single-version-externally-managed
[9.840s] Level 1:colcon.colcon_core.environment:checking '/home/farhad/Documents/Robotics/Space-Drone/ros2_ws/src/py_pubsub/install/py_pubsub' for CMake module files
[9.841s] Level 1:colcon.colcon_core.environment:checking '/home/farhad/Documents/Robotics/Space-Drone/ros2_ws/src/py_pubsub/install/py_pubsub' for CMake config files
[9.843s] Level 1:colcon.colcon_core.environment:checking '/home/farhad/Documents/Robotics/Space-Drone/ros2_ws/src/py_pubsub/install/py_pubsub/lib'
[9.843s] Level 1:colcon.colcon_core.environment:checking '/home/farhad/Documents/Robotics/Space-Drone/ros2_ws/src/py_pubsub/install/py_pubsub/bin'
[9.843s] Level 1:colcon.colcon_core.environment:checking '/home/farhad/Documents/Robotics/Space-Drone/ros2_ws/src/py_pubsub/install/py_pubsub/lib/pkgconfig/py_pubsub.pc'
[9.844s] Level 1:colcon.colcon_core.environment:checking '/home/farhad/Documents/Robotics/Space-Drone/ros2_ws/src/py_pubsub/install/py_pubsub/lib/python3.10/site-packages'
[9.844s] Level 1:colcon.colcon_core.shell:create_environment_hook('py_pubsub', 'pythonpath')
[9.891s] INFO:colcon.colcon_core.shell:Creating environment hook '/home/farhad/Documents/Robotics/Space-Drone/ros2_ws/src/py_pubsub/install/py_pubsub/share/py_pubsub/hook/pythonpath.ps1'
[9.893s] INFO:colcon.colcon_core.shell:Creating environment descriptor '/home/farhad/Documents/Robotics/Space-Drone/ros2_ws/src/py_pubsub/install/py_pubsub/share/py_pubsub/hook/pythonpath.dsv'
[9.894s] INFO:colcon.colcon_core.shell:Creating environment hook '/home/farhad/Documents/Robotics/Space-Drone/ros2_ws/src/py_pubsub/install/py_pubsub/share/py_pubsub/hook/pythonpath.sh'
[9.896s] Level 1:colcon.colcon_core.environment:checking '/home/farhad/Documents/Robotics/Space-Drone/ros2_ws/src/py_pubsub/install/py_pubsub/bin'
[9.896s] Level 1:colcon.colcon_core.environment:create_environment_scripts_only(py_pubsub)
[9.946s] INFO:colcon.colcon_core.shell:Creating package script '/home/farhad/Documents/Robotics/Space-Drone/ros2_ws/src/py_pubsub/install/py_pubsub/share/py_pubsub/package.ps1'
[9.949s] INFO:colcon.colcon_core.shell:Creating package descriptor '/home/farhad/Documents/Robotics/Space-Drone/ros2_ws/src/py_pubsub/install/py_pubsub/share/py_pubsub/package.dsv'
[9.950s] INFO:colcon.colcon_core.shell:Creating package script '/home/farhad/Documents/Robotics/Space-Drone/ros2_ws/src/py_pubsub/install/py_pubsub/share/py_pubsub/package.sh'
[9.952s] INFO:colcon.colcon_core.shell:Creating package script '/home/farhad/Documents/Robotics/Space-Drone/ros2_ws/src/py_pubsub/install/py_pubsub/share/py_pubsub/package.bash'
[9.954s] INFO:colcon.colcon_core.shell:Creating package script '/home/farhad/Documents/Robotics/Space-Drone/ros2_ws/src/py_pubsub/install/py_pubsub/share/py_pubsub/package.zsh'
[9.956s] Level 1:colcon.colcon_core.environment:create_file_with_runtime_dependencies(/home/farhad/Documents/Robotics/Space-Drone/ros2_ws/src/py_pubsub/install/py_pubsub/share/colcon-core/packages/py_pubsub)
[9.957s] DEBUG:colcon.colcon_parallel_executor.executor.parallel:closing loop
[9.958s] DEBUG:colcon.colcon_parallel_executor.executor.parallel:loop closed
[9.959s] DEBUG:colcon.colcon_parallel_executor.executor.parallel:run_until_complete finished with '0'
[9.959s] DEBUG:colcon.colcon_core.event_reactor:joining thread
[10.027s] INFO:colcon.colcon_core.plugin_system:Skipping extension 'colcon_notification.desktop_notification.notify_send': Could not find 'notify-send'
[10.027s] INFO:colcon.colcon_core.plugin_system:Skipping extension 'colcon_notification.desktop_notification.terminal_notifier': Not used on non-Darwin systems
[10.027s] INFO:colcon.colcon_core.plugin_system:Skipping extension 'colcon_notification.desktop_notification.win32': Not used on non-Windows systems
[10.028s] INFO:colcon.colcon_notification.desktop_notification:Sending desktop notification using 'notify2'
[10.098s] DEBUG:colcon.colcon_core.event_reactor:joined thread
[10.172s] INFO:colcon.colcon_core.shell:Creating prefix script '/home/farhad/Documents/Robotics/Space-Drone/ros2_ws/src/py_pubsub/install/local_setup.ps1'
[10.175s] INFO:colcon.colcon_core.shell:Creating prefix util module '/home/farhad/Documents/Robotics/Space-Drone/ros2_ws/src/py_pubsub/install/_local_setup_util_ps1.py'
[10.180s] INFO:colcon.colcon_core.shell:Creating prefix chain script '/home/farhad/Documents/Robotics/Space-Drone/ros2_ws/src/py_pubsub/install/setup.ps1'
[10.241s] INFO:colcon.colcon_core.shell:Creating prefix script '/home/farhad/Documents/Robotics/Space-Drone/ros2_ws/src/py_pubsub/install/local_setup.sh'
[10.243s] INFO:colcon.colcon_core.shell:Creating prefix util module '/home/farhad/Documents/Robotics/Space-Drone/ros2_ws/src/py_pubsub/install/_local_setup_util_sh.py'
[10.245s] INFO:colcon.colcon_core.shell:Creating prefix chain script '/home/farhad/Documents/Robotics/Space-Drone/ros2_ws/src/py_pubsub/install/setup.sh'
[10.318s] INFO:colcon.colcon_core.shell:Creating prefix script '/home/farhad/Documents/Robotics/Space-Drone/ros2_ws/src/py_pubsub/install/local_setup.bash'
[10.320s] INFO:colcon.colcon_core.shell:Creating prefix chain script '/home/farhad/Documents/Robotics/Space-Drone/ros2_ws/src/py_pubsub/install/setup.bash'
[10.405s] INFO:colcon.colcon_core.shell:Creating prefix script '/home/farhad/Documents/Robotics/Space-Drone/ros2_ws/src/py_pubsub/install/local_setup.zsh'
[10.408s] INFO:colcon.colcon_core.shell:Creating prefix chain script '/home/farhad/Documents/Robotics/Space-Drone/ros2_ws/src/py_pubsub/install/setup.zsh'
